<?xml version="1.0" encoding="UTF-8"?>
<testsuite name="org.continuum.codingsb.CustomerControllerTest" tests="1" skipped="0" failures="0" errors="0" timestamp="2023-10-22T08:33:03" hostname="amdpc" time="0.677">
  <properties/>
  <testcase name="getCustomerFromController()" classname="org.continuum.codingsb.CustomerControllerTest" time="0.677"/>
  <system-out><![CDATA[17:32:58.346 [Test worker] INFO org.springframework.test.context.support.AnnotationConfigContextLoaderUtils -- Could not detect default configuration classes for test class [org.continuum.codingsb.CustomerControllerTest]: CustomerControllerTest does not declare any static, non-private, non-final, nested classes annotated with @Configuration.
17:32:58.453 [Test worker] INFO org.springframework.boot.test.context.SpringBootTestContextBootstrapper -- Found @SpringBootConfiguration org.continuum.codingsb.CodingsbApplication for test class org.continuum.codingsb.CustomerControllerTest
17:32:58.547 [Test worker] INFO org.testcontainers.utility.ImageNameSubstitutor -- Image name substitution will be performed by: DefaultImageNameSubstitutor (composite of 'ConfigurationFileImageNameSubstitutor' and 'PrefixingImageNameSubstitutor')
17:32:58.935 [Test worker] INFO org.testcontainers.dockerclient.DockerClientProviderStrategy -- Found Docker environment with Testcontainers Host with tc.host=tcp://127.0.0.1:32875
17:32:58.936 [Test worker] INFO org.testcontainers.DockerClientFactory -- Docker host IP address is 127.0.0.1
17:32:58.952 [Test worker] INFO org.testcontainers.DockerClientFactory -- Connected to docker: 
  Server Version: 24.0.6 (via Testcontainers Desktop 1.4.18)
  API Version: 1.43
  Operating System: Docker Desktop
  Total Memory: 3814 MB
17:32:58.959 [Test worker] INFO org.testcontainers.DockerClientFactory -- Checking the system...
17:32:58.960 [Test worker] INFO org.testcontainers.DockerClientFactory -- ✔︎ Docker server version should be at least 1.6.0
17:32:58.972 [Test worker] INFO tc.postgres:15.4 -- Creating container for image: postgres:15.4
17:32:58.998 [Test worker] INFO org.testcontainers.utility.RegistryAuthLocator -- Credential helper/store (docker-credential-desktop) does not have credentials for https://index.docker.io/v1/
17:32:59.005 [Test worker] INFO tc.testcontainers/ryuk:0.5.1 -- Creating container for image: testcontainers/ryuk:0.5.1
17:32:59.078 [Test worker] INFO tc.testcontainers/ryuk:0.5.1 -- Container testcontainers/ryuk:0.5.1 is starting: 720271a6cd0dc0229d3150234f9e8e446247a3dd17404f69b8dc46acf9b9e537
17:32:59.367 [Test worker] INFO tc.testcontainers/ryuk:0.5.1 -- Container testcontainers/ryuk:0.5.1 started in PT0.361819643S
17:32:59.402 [Test worker] INFO tc.postgres:15.4 -- Container postgres:15.4 is starting: 6a4f9f283b82dd7c93a69849f3db272111bf4cd5266e5b96df0563bd05fa75a7
17:33:00.731 [Test worker] INFO tc.postgres:15.4 -- Container postgres:15.4 started in PT1.770699243S
17:33:00.732 [Test worker] INFO tc.postgres:15.4 -- Container is started (JDBC URL: jdbc:postgresql://127.0.0.1:44757/test?loggerLevel=OFF)

  .   ____          _            __ _ _
 /\\ / ___'_ __ _ _(_)_ __  __ _ \ \ \ \
( ( )\___ | '_ | '_| | '_ \/ _` | \ \ \ \
 \\/  ___)| |_)| | | | | || (_| |  ) ) ) )
  '  |____| .__|_| |_|_| |_\__, | / / / /
 =========|_|==============|___/=/_/_/_/
 :: Spring Boot ::                (v3.1.5)

2023-10-22T17:33:00.945+09:00  INFO 47270 --- [    Test worker] o.c.codingsb.CustomerControllerTest      : Starting CustomerControllerTest using Java 20.0.2.1 with PID 47270 (started by amdpcian in /home/amdpcian/prjs/trial/codingsb)
2023-10-22T17:33:00.946+09:00  INFO 47270 --- [    Test worker] o.c.codingsb.CustomerControllerTest      : No active profile set, falling back to 1 default profile: "default"
2023-10-22T17:33:01.425+09:00  INFO 47270 --- [    Test worker] .s.d.r.c.RepositoryConfigurationDelegate : Bootstrapping Spring Data JPA repositories in DEFAULT mode.
2023-10-22T17:33:01.464+09:00  INFO 47270 --- [    Test worker] .s.d.r.c.RepositoryConfigurationDelegate : Finished Spring Data repository scanning in 32 ms. Found 1 JPA repository interfaces.
2023-10-22T17:33:01.756+09:00  INFO 47270 --- [    Test worker] o.hibernate.jpa.internal.util.LogHelper  : HHH000204: Processing PersistenceUnitInfo [name: default]
2023-10-22T17:33:01.791+09:00  INFO 47270 --- [    Test worker] org.hibernate.Version                    : HHH000412: Hibernate ORM core version 6.2.13.Final
2023-10-22T17:33:01.793+09:00  INFO 47270 --- [    Test worker] org.hibernate.cfg.Environment            : HHH000406: Using bytecode reflection optimizer
2023-10-22T17:33:01.963+09:00  INFO 47270 --- [    Test worker] o.s.o.j.p.SpringPersistenceUnitInfo      : No LoadTimeWeaver setup: ignoring JPA class transformer
2023-10-22T17:33:01.980+09:00  INFO 47270 --- [    Test worker] com.zaxxer.hikari.HikariDataSource       : HikariPool-1 - Starting...
2023-10-22T17:33:02.147+09:00  INFO 47270 --- [    Test worker] com.zaxxer.hikari.pool.HikariPool        : HikariPool-1 - Added connection org.postgresql.jdbc.PgConnection@42a97053
2023-10-22T17:33:02.148+09:00  INFO 47270 --- [    Test worker] com.zaxxer.hikari.HikariDataSource       : HikariPool-1 - Start completed.
2023-10-22T17:33:02.174+09:00  WARN 47270 --- [    Test worker] org.hibernate.orm.deprecation            : HHH90000025: PostgreSQLDialect does not need to be specified explicitly using 'hibernate.dialect' (remove the property setting and it will be selected by default)
2023-10-22T17:33:02.761+09:00  INFO 47270 --- [    Test worker] o.h.e.t.j.p.i.JtaPlatformInitiator       : HHH000489: No JTA platform available (set 'hibernate.transaction.jta.platform' to enable JTA platform integration)
Hibernate: 
    drop table if exists customer cascade
2023-10-22T17:33:02.778+09:00  WARN 47270 --- [    Test worker] o.h.engine.jdbc.spi.SqlExceptionHelper   : SQL Warning Code: 0, SQLState: 00000
2023-10-22T17:33:02.778+09:00  WARN 47270 --- [    Test worker] o.h.engine.jdbc.spi.SqlExceptionHelper   : table "customer" does not exist, skipping
Hibernate: 
    create table customer (
        id bigserial not null,
        name varchar(255),
        primary key (id)
    )
2023-10-22T17:33:02.791+09:00  INFO 47270 --- [    Test worker] j.LocalContainerEntityManagerFactoryBean : Initialized JPA EntityManagerFactory for persistence unit 'default'
2023-10-22T17:33:03.315+09:00  WARN 47270 --- [    Test worker] JpaBaseConfiguration$JpaWebConfiguration : spring.jpa.open-in-view is enabled by default. Therefore, database queries may be performed during view rendering. Explicitly configure spring.jpa.open-in-view to disable this warning
2023-10-22T17:33:03.602+09:00  INFO 47270 --- [    Test worker] o.s.b.t.m.w.SpringBootMockServletContext : Initializing Spring TestDispatcherServlet ''
2023-10-22T17:33:03.602+09:00  INFO 47270 --- [    Test worker] o.s.t.web.servlet.TestDispatcherServlet  : Initializing Servlet ''
2023-10-22T17:33:03.604+09:00  INFO 47270 --- [    Test worker] o.s.t.web.servlet.TestDispatcherServlet  : Completed initialization in 0 ms
2023-10-22T17:33:03.619+09:00  INFO 47270 --- [    Test worker] o.c.codingsb.CustomerControllerTest      : Started CustomerControllerTest in 2.862 seconds (process running for 9.865)
Hibernate: 
    select
        c1_0.id,
        c1_0.name 
    from
        customer c1_0 
    where
        c1_0.name=?

MockHttpServletRequest:
      HTTP Method = GET
      Request URI = /api/customer/kacey
       Parameters = {}
          Headers = []
             Body = null
    Session Attrs = {}

Handler:
             Type = org.continuum.codingsb.CustomerController
           Method = org.continuum.codingsb.CustomerController#getCustomer(String)

Async:
    Async started = false
     Async result = null

Resolved Exception:
             Type = null

ModelAndView:
        View name = null
             View = null
            Model = null

FlashMap:
       Attributes = null

MockHttpServletResponse:
           Status = 200
    Error message = null
          Headers = [Content-Type:"text/plain;charset=UTF-8", Content-Length:"26"]
     Content type = text/plain;charset=UTF-8
             Body = success id(1), name(kacey)
    Forwarded URL = null
   Redirected URL = null
          Cookies = []
]]></system-out>
  <system-err><![CDATA[]]></system-err>
</testsuite>
